<?xml version="1.0" encoding="UTF-8"?>
<!-- Generated by org.testng.reporters.JUnitReportReporter -->
<testsuite hostname="zeuskingzbMacBook-Pro.local" name="com.zizaike.open.service.httpUrlConnectionTest" tests="2" failures="0" timestamp="11 Jan 2016 09:00:53 GMT" time="0.255" errors="0">
  <testcase name="checkMember" time="0.220" classname="com.zizaike.open.service.httpUrlConnectionTest"/>
  <testcase name="xmlSender" time="0.035" classname="com.zizaike.open.service.httpUrlConnectionTest"/>
</testsuite> <!-- com.zizaike.open.service.httpUrlConnectionTest -->
