<?xml version="1.0" encoding="UTF-8"?>
<!-- Generated by org.testng.reporters.JUnitReportReporter -->
<testsuite hostname="zeuskingzbMacBook-Pro.local" name="com.zizaike.open.service.Alibaba" tests="1" failures="0" timestamp="11 Jan 2016 08:56:02 GMT" time="0.269" errors="0">
  <testcase name="xhotelGet" time="0.269" classname="com.zizaike.open.service.Alibaba"/>
</testsuite> <!-- com.zizaike.open.service.Alibaba -->
